{
  "stats": {
    "suites": 1,
    "tests": 1,
    "passes": 1,
    "pending": 0,
    "failures": 0,
    "start": "2021-11-23T17:56:28.636Z",
    "end": "2021-11-23T17:56:36.541Z",
    "duration": 7905,
    "testsRegistered": 1,
    "passPercent": 100,
    "pendingPercent": 0,
    "other": 0,
    "hasOther": false,
    "skipped": 0,
    "hasSkipped": false
  },
  "results": [
    {
      "uuid": "014990a6-8735-4572-aba0-b92984649f41",
      "title": "",
      "fullFile": "cypress/integration/specs/dashbord.js",
      "file": "cypress/integration/specs/dashbord.js",
      "beforeHooks": [],
      "afterHooks": [],
      "tests": [],
      "suites": [
        {
          "uuid": "0559f06b-e847-4938-a706-55658d3cc00b",
          "title": "My First Test",
          "fullFile": "",
          "file": "",
          "beforeHooks": [],
          "afterHooks": [],
          "tests": [
            {
              "title": "Does not do much!",
              "fullTitle": "My First Test Does not do much!",
              "timedOut": null,
              "duration": 5796,
              "state": "passed",
              "speed": "medium",
              "pass": true,
              "fail": false,
              "pending": false,
              "context": null,
              "code": "expect(true).to.equal(true);",
              "err": {},
              "uuid": "972dddc1-619c-4d58-ad55-24cc59e8f969",
              "parentUUID": "0559f06b-e847-4938-a706-55658d3cc00b",
              "isHook": false,
              "skipped": false
            }
          ],
          "suites": [],
          "passes": [
            "972dddc1-619c-4d58-ad55-24cc59e8f969"
          ],
          "failures": [],
          "pending": [],
          "skipped": [],
          "duration": 5796,
          "root": false,
          "rootEmpty": false,
          "_timeout": 2000
        }
      ],
      "passes": [],
      "failures": [],
      "pending": [],
      "skipped": [],
      "duration": 0,
      "root": true,
      "rootEmpty": true,
      "_timeout": 2000
    }
  ],
  "meta": {
    "mocha": {
      "version": "7.0.1"
    },
    "mochawesome": {
      "options": {
        "quiet": false,
        "reportFilename": "mochawesome",
        "saveHtml": false,
        "saveJson": true,
        "consoleReporter": "spec",
        "useInlineDiffs": false,
        "code": true
      },
      "version": "7.0.1"
    },
    "marge": {
      "options": {
        "charts": true,
        "overwrite": false,
        "html": false,
        "json": true,
        "reportDir": "cypress/report/mochawesome-report"
      },
      "version": "6.0.1"
    }
  }
}